<?xml version="1.0" encoding="UTF-8" standalone="no"?>
<testsuite failures="1" name="cucumber.runtime.formatter.JUnitFormatter" skipped="0" tests="1" time="37.78625">
<testcase classname="WW find location" name="Testing valid Zipcode in search result" time="37.78625">
<failure message="org.junit.ComparisonFailure: expected:&lt;WW Studio Flatiron&#10;[0.49 mi.&#10;]14 W 23RD ST 2ND FL&#10;...&gt; but was:&lt;WW Studio Flatiron&#10;[]14 W 23RD ST 2ND FL&#10;...&gt;&#10;&#9;at org.junit.Assert.assertEquals(Assert.java:115)&#10;&#9;at org.junit.Assert.assertEquals(Assert.java:144)&#10;&#9;at ww.JavaCode.confirm_Messages(JavaCode.java:189)&#10;&#9;at ✽.Then Confrim the message will display at '//*[@id=&quot;content&quot;]/div/div/ui-view/ui-view/div[1]/div/div/div[1]/div[2]/div[2]/div/location-address/div/div'(src/test/BDD/Testing_Valid_Zipcode_search_result.feature:22)&#10;"><![CDATA[Given User at Home page.....................................................passed
When Confirm the tatile is 'WW (Weight Watchers): Weight Loss & Wellness Help'.passed
When I Click on //*[@id="ela-menu-visitor-desktop-supplementa_find-a-studio"] button by xpath.passed
And I Enter 10011 in the meetingSearch......................................passed
And I Click on //*[@id="content"]/div/div/ui-view/ui-view/div/div/div/div/div[2]/div[1]/div/form/div[1]/span/button button by xpath.passed
And get the location '//*[@id="ml-1180510"]/result-location/div/div[1]/a/location-address/div'.passed
And I Click on //*[@id="ml-1180510"]/result-location/div/div[1] button by xpath.passed
And Display the opening hours...............................................passed
Then Confrim the message will display at '//*[@id="content"]/div/div/ui-view/ui-view/div[1]/div/div/div[1]/div[2]/div[2]/div/location-address/div/div'.failed

StackTrace:
org.junit.ComparisonFailure: expected:<WW Studio Flatiron
[0.49 mi.
]14 W 23RD ST 2ND FL
...> but was:<WW Studio Flatiron
[]14 W 23RD ST 2ND FL
...>
	at org.junit.Assert.assertEquals(Assert.java:115)
	at org.junit.Assert.assertEquals(Assert.java:144)
	at ww.JavaCode.confirm_Messages(JavaCode.java:189)
	at ✽.Then Confrim the message will display at '//*[@id="content"]/div/div/ui-view/ui-view/div[1]/div/div/div[1]/div[2]/div[2]/div/location-address/div/div'(src/test/BDD/Testing_Valid_Zipcode_search_result.feature:22)
]]></failure>
</testcase>
</testsuite>
